<?xml version="1.0" encoding="UTF-8"?>
<!-- Generated by org.testng.reporters.JUnitXMLReporter -->
<testsuite hostname="PRO-5CG9503101" ignored="0" name="data1" tests="1" failures="0" timestamp="24 Apr 2020 03:37:06 GMT" time="0.022" errors="0">
  <testcase name="@BeforeTest getBrowser" time="0.0" classname="test.Test1">
    <failure type="org.testng.TestNGException" message="
Parameter &amp;apos;myBrowser&amp;apos; is required by BeforeTest on method getBrowser but has not been marked @Optional or defined
in C:\Users\naveen.kumar\Desktop\naveen.xml">
      <![CDATA[org.testng.TestNGException: 
Parameter 'myBrowser' is required by BeforeTest on method getBrowser but has not been marked @Optional or defined
in C:\Users\naveen.kumar\Desktop\naveen.xml
	at test.RunnerTestData.main(RunnerTestData.java:26)
... Removed 17 stack frames]]>
    </failure>
  </testcase> <!-- @BeforeTest getBrowser -->
  <testcase name="@AfterTest cleanup" time="0.0" classname="test.Test1">
    <skipped/>
  </testcase> <!-- @AfterTest cleanup -->
  <testcase name="UpdatingData1" time="0.004" classname="test.Test1">
    <skipped/>
  </testcase> <!-- UpdatingData1 -->
</testsuite> <!-- data1 -->
